#
# There is insufficient memory for the Java Runtime Environment to continue.
# Native memory allocation (mmap) failed to map 65536 bytes for Failed to commit metaspace.
# Possible reasons:
#   The system is out of physical RAM or swap space
#   The process is running with CompressedOops enabled, and the Java Heap may be blocking the growth of the native heap
# Possible solutions:
#   Reduce memory load on the system
#   Increase physical memory or swap space
#   Check if swap backing store is full
#   Decrease Java heap size (-Xmx/-Xms)
#   Decrease number of Java threads
#   Decrease Java thread stack sizes (-Xss)
#   Set larger code cache with -XX:ReservedCodeCacheSize=
#   JVM is running with Unscaled Compressed Oops mode in which the Java heap is
#     placed in the first 4GB address space. The Java Heap base address is the
#     maximum limit for the native heap growth. Please use -XX:HeapBaseMinAddress
#     to set the Java Heap base and to place the Java Heap above 4GB virtual address.
# This output file may be truncated or incomplete.
#
#  Out of Memory Error (virtualSpaceNode.cpp:110), pid=4400, tid=44952
#
# JRE version: Java(TM) SE Runtime Environment (17.0.1+12) (build 17.0.1+12-LTS-39)
# Java VM: Java HotSpot(TM) 64-Bit Server VM (17.0.1+12-LTS-39, mixed mode, sharing, tiered, compressed oops, compressed class ptrs, g1 gc, windows-amd64)
# No core dump will be written. Minidumps are not enabled by default on client versions of Windows
#

---------------  S U M M A R Y ------------

Command Line: -Dfile.encoding=UTF-8 --module-path=C:\Users\Admin\OneDrive\Documents\NetBeansProjects\Travel Management System\build\classes travel.management.system.Login

Host: 11th Gen Intel(R) Core(TM) i3-1115G4 @ 3.00GHz, 4 cores, 7G,  Windows 10 , 64 bit Build 22000 (10.0.22000.1761)
Time: Sun Jul 30 00:14:28 2023 India Standard Time elapsed time: 0.100617 seconds (0d 0h 0m 0s)

---------------  T H R E A D  ---------------

Current thread (0x0000021cd7d6a970):  JavaThread "main" [_thread_in_vm, id=44952, stack(0x000000a8b8c00000,0x000000a8b8d00000)]

Stack: [0x000000a8b8c00000,0x000000a8b8d00000]
Native frames: (J=compiled Java code, j=interpreted, Vv=VM code, C=native code)
V  [jvm.dll+0x66fa1a]
V  [jvm.dll+0x7ce5a4]
V  [jvm.dll+0x7cfd4e]
V  [jvm.dll+0x7d03b3]
V  [jvm.dll+0x242b05]
V  [jvm.dll+0x7ca54b]
V  [jvm.dll+0x615b76]
V  [jvm.dll+0x615bda]
V  [jvm.dll+0x6183ea]
V  [jvm.dll+0x616516]
V  [jvm.dll+0x627149]
V  [jvm.dll+0x620454]
V  [jvm.dll+0x37b831]
C  0x0000021ce0d4c711

Java frames: (J=compiled Java code, j=interpreted, Vv=VM code)
j  java.util.zip.ZipUtils.LOCSIG([B)J+0 java.base@17.0.1
j  java.util.zip.ZipFile$Source.<init>(Ljava/util/zip/ZipFile$Source$Key;ZLjava/util/zip/ZipCoder;)V+128 java.base@17.0.1
j  java.util.zip.ZipFile$Source.get(Ljava/io/File;ZLjava/util/zip/ZipCoder;)Ljava/util/zip/ZipFile$Source;+100 java.base@17.0.1
j  java.util.zip.ZipFile$CleanableResource.<init>(Ljava/util/zip/ZipFile;Ljava/util/zip/ZipCoder;Ljava/io/File;I)V+56 java.base@17.0.1
j  java.util.zip.ZipFile.<init>(Ljava/io/File;ILjava/nio/charset/Charset;)V+123 java.base@17.0.1
j  java.util.zip.ZipFile.<init>(Ljava/io/File;I)V+6 java.base@17.0.1
j  java.util.jar.JarFile.<init>(Ljava/io/File;ZILjava/lang/Runtime$Version;)V+3 java.base@17.0.1
j  jdk.internal.loader.URLClassPath$JarLoader.getJarFile(Ljava/net/URL;)Ljava/util/jar/JarFile;+56 java.base@17.0.1
j  jdk.internal.loader.URLClassPath$JarLoader$1.run()Ljava/lang/Void;+55 java.base@17.0.1
j  jdk.internal.loader.URLClassPath$JarLoader$1.run()Ljava/lang/Object;+1 java.base@17.0.1
j  java.security.AccessController.executePrivileged(Ljava/security/PrivilegedExceptionAction;Ljava/security/AccessControlContext;Ljava/lang/Class;)Ljava/lang/Object;+29 java.base@17.0.1
j  java.security.AccessController.doPrivileged(Ljava/security/PrivilegedExceptionAction;Ljava/security/AccessControlContext;)Ljava/lang/Object;+13 java.base@17.0.1
j  jdk.internal.loader.URLClassPath$JarLoader.ensureOpen()V+19 java.base@17.0.1
j  jdk.internal.loader.URLClassPath$JarLoader.<init>(Ljava/net/URL;Ljava/net/URLStreamHandler;Ljava/util/HashMap;Ljava/security/AccessControlContext;)V+63 java.base@17.0.1
j  jdk.internal.loader.URLClassPath$3.run()Ljdk/internal/loader/URLClassPath$Loader;+168 java.base@17.0.1
j  jdk.internal.loader.URLClassPath$3.run()Ljava/lang/Object;+1 java.base@17.0.1
j  java.security.AccessController.executePrivileged(Ljava/security/PrivilegedExceptionAction;Ljava/security/AccessControlContext;Ljava/lang/Class;)Ljava/lang/Object;+29 java.base@17.0.1
j  java.security.AccessController.doPrivileged(Ljava/security/PrivilegedExceptionAction;Ljava/security/AccessControlContext;)Ljava/lang/Object;+13 java.base@17.0.1
j  jdk.internal.loader.URLClassPath.getLoader(Ljava/net/URL;)Ljdk/internal/loader/URLClassPath$Loader;+13 java.base@17.0.1
j  jdk.internal.loader.URLClassPath.getLoader(I)Ljdk/internal/loader/URLClassPath$Loader;+81 java.base@17.0.1
j  jdk.internal.loader.URLClassPath.getResource(Ljava/lang/String;Z)Ljdk/internal/loader/Resource;+42 java.base@17.0.1
j  jdk.internal.loader.BuiltinClassLoader.findClassOnClassPathOrNull(Ljava/lang/String;)Ljava/lang/Class;+26 java.base@17.0.1
j  jdk.internal.loader.BuiltinClassLoader.loadClassOrNull(Ljava/lang/String;Z)Ljava/lang/Class;+111 java.base@17.0.1
j  jdk.internal.loader.BuiltinClassLoader.loadClass(Ljava/lang/String;Z)Ljava/lang/Class;+3 java.base@17.0.1
j  jdk.internal.loader.ClassLoaders$AppClassLoader.loadClass(Ljava/lang/String;Z)Ljava/lang/Class;+36 java.base@17.0.1
j  java.lang.ClassLoader.loadClass(Ljava/lang/String;)Ljava/lang/Class;+3 java.base@17.0.1
v  ~StubRoutines::call_stub
j  java.lang.Class.forName0(Ljava/lang/String;ZLjava/lang/ClassLoader;Ljava/lang/Class;)Ljava/lang/Class;+0 java.base@17.0.1
j  java.lang.Class.forName(Ljava/lang/String;ZLjava/lang/ClassLoader;)Ljava/lang/Class;+43 java.base@17.0.1
j  sun.launcher.LauncherHelper.loadMainClass(ILjava/lang/String;)Ljava/lang/Class;+95 java.base@17.0.1
j  sun.launcher.LauncherHelper.checkAndLoadMain(ZILjava/lang/String;)Ljava/lang/Class;+42 java.base@17.0.1
v  ~StubRoutines::call_stub

---------------  P R O C E S S  ---------------

Threads class SMR info:
_java_thread_list=0x0000021cf7dec6f0, length=12, elements={
0x0000021cd7d6a970, 0x0000021cf7300440, 0x0000021cf7300d00, 0x0000021cf7313f00,
0x0000021cf73147c0, 0x0000021cf7315820, 0x0000021cf731ad90, 0x0000021cf73201e0,
0x0000021cf7323ae0, 0x0000021cf73363d0, 0x0000021cf7d2f330, 0x0000021cf7de9ed0
}

Java Threads: ( => current thread )
=>0x0000021cd7d6a970 JavaThread "main" [_thread_in_vm, id=44952, stack(0x000000a8b8c00000,0x000000a8b8d00000)]
  0x0000021cf7300440 JavaThread "Reference Handler" daemon [_thread_blocked, id=42076, stack(0x000000a8b9300000,0x000000a8b9400000)]
  0x0000021cf7300d00 JavaThread "Finalizer" daemon [_thread_blocked, id=44424, stack(0x000000a8b9400000,0x000000a8b9500000)]
  0x0000021cf7313f00 JavaThread "Signal Dispatcher" daemon [_thread_blocked, id=43328, stack(0x000000a8b9500000,0x000000a8b9600000)]
  0x0000021cf73147c0 JavaThread "Attach Listener" daemon [_thread_blocked, id=42984, stack(0x000000a8b9600000,0x000000a8b9700000)]
  0x0000021cf7315820 JavaThread "Service Thread" daemon [_thread_blocked, id=45972, stack(0x000000a8b9700000,0x000000a8b9800000)]
  0x0000021cf731ad90 JavaThread "Monitor Deflation Thread" daemon [_thread_blocked, id=40120, stack(0x000000a8b9800000,0x000000a8b9900000)]
  0x0000021cf73201e0 JavaThread "C2 CompilerThread0" daemon [_thread_blocked, id=45644, stack(0x000000a8b9900000,0x000000a8b9a00000)]
  0x0000021cf7323ae0 JavaThread "C1 CompilerThread0" daemon [_thread_in_vm, id=29940, stack(0x000000a8b9a00000,0x000000a8b9b00000)]
  0x0000021cf73363d0 JavaThread "Sweeper thread" daemon [_thread_blocked, id=2924, stack(0x000000a8b9b00000,0x000000a8b9c00000)]
  0x0000021cf7d2f330 JavaThread "Common-Cleaner" daemon [_thread_blocked, id=25328, stack(0x000000a8b9c00000,0x000000a8b9d00000)]
  0x0000021cf7de9ed0 JavaThread "Notification Thread" daemon [_thread_blocked, id=24460, stack(0x000000a8b9d00000,0x000000a8b9e00000)]

Other Threads:
  0x0000021cf72fb3e0 VMThread "VM Thread" [stack: 0x000000a8b9200000,0x000000a8b9300000] [id=38464]
  0x0000021cd7dc5a10 WatcherThread [stack: 0x000000a8b9e00000,0x000000a8b9f00000] [id=42820]
  0x0000021cd7da8360 GCTaskThread "GC Thread#0" [stack: 0x000000a8b8d00000,0x000000a8b8e00000] [id=36348]
  0x0000021cd7db8bd0 ConcurrentGCThread "G1 Main Marker" [stack: 0x000000a8b8e00000,0x000000a8b8f00000] [id=38012]
  0x0000021cd7dbac90 ConcurrentGCThread "G1 Conc#0" [stack: 0x000000a8b8f00000,0x000000a8b9000000] [id=33836]
  0x0000021cd7e22e20 ConcurrentGCThread "G1 Refine#0" [stack: 0x000000a8b9000000,0x000000a8b9100000] [id=14144]
  0x0000021cd7e25510 ConcurrentGCThread "G1 Service" [stack: 0x000000a8b9100000,0x000000a8b9200000] [id=45596]

Threads with active compile tasks:
C1 CompilerThread0      122  195       3       java.util.zip.ZipFile$Source::isMetaName (141 bytes)

VM state: not at safepoint (normal execution)

VM Mutex/Monitor currently owned by a thread:  ([mutex/lock_event])
[0x0000021cd7d63700] Metaspace_lock - owner thread: 0x0000021cd7d6a970
[0x0000021cd7d66930] MethodData_lock - owner thread: 0x0000021cf7323ae0

Heap address: 0x0000000084000000, size: 1984 MB, Compressed Oops mode: 32-bit

CDS archive(s) mapped at: [0x0000000800000000-0x0000000800bc0000-0x0000000800bc0000), size 12320768, SharedBaseAddress: 0x0000000800000000, ArchiveRelocationMode: 0.
Compressed class space mapped at: 0x0000000800c00000-0x0000000840c00000, reserved size: 1073741824
Narrow klass base: 0x0000000800000000, Narrow klass shift: 0, Narrow klass range: 0x100000000

GC Precious Log:
 CPUs: 4 total, 4 available
 Memory: 7934M
 Large Page Support: Disabled
 NUMA Support: Disabled
 Compressed Oops: Enabled (32-bit)
 Heap Region Size: 1M
 Heap Min Capacity: 8M
 Heap Initial Capacity: 124M
 Heap Max Capacity: 1984M
 Pre-touch: Disabled
 Parallel Workers: 4
 Concurrent Workers: 1
 Concurrent Refinement Workers: 4
 Periodic GC: Disabled

Heap:
 garbage-first heap   total 126976K, used 1024K [0x0000000084000000, 0x0000000100000000)
  region size 1024K, 2 young (2048K), 0 survivors (0K)
 Metaspace       used 341K, committed 512K, reserved 1056768K
  class space    used 20K, committed 128K, reserved 1048576K

Heap Regions: E=young(eden), S=young(survivor), O=old, HS=humongous(starts), HC=humongous(continues), CS=collection set, F=free, OA=open archive, CA=closed archive, TAMS=top-at-mark-start (previous, next)
|   0|0x0000000084000000, 0x0000000084000000, 0x0000000084100000|  0%| F|  |TAMS 0x0000000084000000, 0x0000000084000000| Untracked 
|   1|0x0000000084100000, 0x0000000084100000, 0x0000000084200000|  0%| F|  |TAMS 0x0000000084100000, 0x0000000084100000| Untracked 
|   2|0x0000000084200000, 0x0000000084200000, 0x0000000084300000|  0%| F|  |TAMS 0x0000000084200000, 0x0000000084200000| Untracked 
|   3|0x0000000084300000, 0x0000000084300000, 0x0000000084400000|  0%| F|  |TAMS 0x0000000084300000, 0x0000000084300000| Untracked 
|   4|0x0000000084400000, 0x0000000084400000, 0x0000000084500000|  0%| F|  |TAMS 0x0000000084400000, 0x0000000084400000| Untracked 
|   5|0x0000000084500000, 0x0000000084500000, 0x0000000084600000|  0%| F|  |TAMS 0x0000000084500000, 0x0000000084500000| Untracked 
|   6|0x0000000084600000, 0x0000000084600000, 0x0000000084700000|  0%| F|  |TAMS 0x0000000084600000, 0x0000000084600000| Untracked 
|   7|0x0000000084700000, 0x0000000084700000, 0x0000000084800000|  0%| F|  |TAMS 0x0000000084700000, 0x0000000084700000| Untracked 
|   8|0x0000000084800000, 0x0000000084800000, 0x0000000084900000|  0%| F|  |TAMS 0x0000000084800000, 0x0000000084800000| Untracked 
|   9|0x0000000084900000, 0x0000000084900000, 0x0000000084a00000|  0%| F|  |TAMS 0x0000000084900000, 0x0000000084900000| Untracked 
|  10|0x0000000084a00000, 0x0000000084a00000, 0x0000000084b00000|  0%| F|  |TAMS 0x0000000084a00000, 0x0000000084a00000| Untracked 
|  11|0x0000000084b00000, 0x0000000084b00000, 0x0000000084c00000|  0%| F|  |TAMS 0x0000000084b00000, 0x0000000084b00000| Untracked 
|  12|0x0000000084c00000, 0x0000000084c00000, 0x0000000084d00000|  0%| F|  |TAMS 0x0000000084c00000, 0x0000000084c00000| Untracked 
|  13|0x0000000084d00000, 0x0000000084d00000, 0x0000000084e00000|  0%| F|  |TAMS 0x0000000084d00000, 0x0000000084d00000| Untracked 
|  14|0x0000000084e00000, 0x0000000084e00000, 0x0000000084f00000|  0%| F|  |TAMS 0x0000000084e00000, 0x0000000084e00000| Untracked 
|  15|0x0000000084f00000, 0x0000000084f00000, 0x0000000085000000|  0%| F|  |TAMS 0x0000000084f00000, 0x0000000084f00000| Untracked 
|  16|0x0000000085000000, 0x0000000085000000, 0x0000000085100000|  0%| F|  |TAMS 0x0000000085000000, 0x0000000085000000| Untracked 
|  17|0x0000000085100000, 0x0000000085100000, 0x0000000085200000|  0%| F|  |TAMS 0x0000000085100000, 0x0000000085100000| Untracked 
|  18|0x0000000085200000, 0x0000000085200000, 0x0000000085300000|  0%| F|  |TAMS 0x0000000085200000, 0x0000000085200000| Untracked 
|  19|0x0000000085300000, 0x0000000085300000, 0x0000000085400000|  0%| F|  |TAMS 0x0000000085300000, 0x0000000085300000| Untracked 
|  20|0x0000000085400000, 0x0000000085400000, 0x0000000085500000|  0%| F|  |TAMS 0x0000000085400000, 0x0000000085400000| Untracked 
|  21|0x0000000085500000, 0x0000000085500000, 0x0000000085600000|  0%| F|  |TAMS 0x0000000085500000, 0x0000000085500000| Untracked 
|  22|0x0000000085600000, 0x0000000085600000, 0x0000000085700000|  0%| F|  |TAMS 0x0000000085600000, 0x0000000085600000| Untracked 
|  23|0x0000000085700000, 0x0000000085700000, 0x0000000085800000|  0%| F|  |TAMS 0x0000000085700000, 0x0000000085700000| Untracked 
|  24|0x0000000085800000, 0x0000000085800000, 0x0000000085900000|  0%| F|  |TAMS 0x0000000085800000, 0x0000000085800000| Untracked 
|  25|0x0000000085900000, 0x0000000085900000, 0x0000000085a00000|  0%| F|  |TAMS 0x0000000085900000, 0x0000000085900000| Untracked 
|  26|0x0000000085a00000, 0x0000000085a00000, 0x0000000085b00000|  0%| F|  |TAMS 0x0000000085a00000, 0x0000000085a00000| Untracked 
|  27|0x0000000085b00000, 0x0000000085b00000, 0x0000000085c00000|  0%| F|  |TAMS 0x0000000085b00000, 0x0000000085b00000| Untracked 
|  28|0x0000000085c00000, 0x0000000085c00000, 0x0000000085d00000|  0%| F|  |TAMS 0x0000000085c00000, 0x0000000085c00000| Untracked 
|  29|0x0000000085d00000, 0x0000000085d00000, 0x0000000085e00000|  0%| F|  |TAMS 0x0000000085d00000, 0x0000000085d00000| Untracked 
|  30|0x0000000085e00000, 0x0000000085e00000, 0x0000000085f00000|  0%| F|  |TAMS 0x0000000085e00000, 0x0000000085e00000| Untracked 
|  31|0x0000000085f00000, 0x0000000085f00000, 0x0000000086000000|  0%| F|  |TAMS 0x0000000085f00000, 0x0000000085f00000| Untracked 
|  32|0x0000000086000000, 0x0000000086000000, 0x0000000086100000|  0%| F|  |TAMS 0x0000000086000000, 0x0000000086000000| Untracked 
|  33|0x0000000086100000, 0x0000000086100000, 0x0000000086200000|  0%| F|  |TAMS 0x0000000086100000, 0x0000000086100000| Untracked 
|  34|0x0000000086200000, 0x0000000086200000, 0x0000000086300000|  0%| F|  |TAMS 0x0000000086200000, 0x0000000086200000| Untracked 
|  35|0x0000000086300000, 0x0000000086300000, 0x0000000086400000|  0%| F|  |TAMS 0x0000000086300000, 0x0000000086300000| Untracked 
|  36|0x0000000086400000, 0x0000000086400000, 0x0000000086500000|  0%| F|  |TAMS 0x0000000086400000, 0x0000000086400000| Untracked 
|  37|0x0000000086500000, 0x0000000086500000, 0x0000000086600000|  0%| F|  |TAMS 0x0000000086500000, 0x0000000086500000| Untracked 
|  38|0x0000000086600000, 0x0000000086600000, 0x0000000086700000|  0%| F|  |TAMS 0x0000000086600000, 0x0000000086600000| Untracked 
|  39|0x0000000086700000, 0x0000000086700000, 0x0000000086800000|  0%| F|  |TAMS 0x0000000086700000, 0x0000000086700000| Untracked 
|  40|0x0000000086800000, 0x0000000086800000, 0x0000000086900000|  0%| F|  |TAMS 0x0000000086800000, 0x0000000086800000| Untracked 
|  41|0x0000000086900000, 0x0000000086900000, 0x0000000086a00000|  0%| F|  |TAMS 0x0000000086900000, 0x0000000086900000| Untracked 
|  42|0x0000000086a00000, 0x0000000086a00000, 0x0000000086b00000|  0%| F|  |TAMS 0x0000000086a00000, 0x0000000086a00000| Untracked 
|  43|0x0000000086b00000, 0x0000000086b00000, 0x0000000086c00000|  0%| F|  |TAMS 0x0000000086b00000, 0x0000000086b00000| Untracked 
|  44|0x0000000086c00000, 0x0000000086c00000, 0x0000000086d00000|  0%| F|  |TAMS 0x0000000086c00000, 0x0000000086c00000| Untracked 
|  45|0x0000000086d00000, 0x0000000086d00000, 0x0000000086e00000|  0%| F|  |TAMS 0x0000000086d00000, 0x0000000086d00000| Untracked 
|  46|0x0000000086e00000, 0x0000000086e00000, 0x0000000086f00000|  0%| F|  |TAMS 0x0000000086e00000, 0x0000000086e00000| Untracked 
|  47|0x0000000086f00000, 0x0000000086f00000, 0x0000000087000000|  0%| F|  |TAMS 0x0000000086f00000, 0x0000000086f00000| Untracked 
|  48|0x0000000087000000, 0x0000000087000000, 0x0000000087100000|  0%| F|  |TAMS 0x0000000087000000, 0x0000000087000000| Untracked 
|  49|0x0000000087100000, 0x0000000087100000, 0x0000000087200000|  0%| F|  |TAMS 0x0000000087100000, 0x0000000087100000| Untracked 
|  50|0x0000000087200000, 0x0000000087200000, 0x0000000087300000|  0%| F|  |TAMS 0x0000000087200000, 0x0000000087200000| Untracked 
|  51|0x0000000087300000, 0x0000000087300000, 0x0000000087400000|  0%| F|  |TAMS 0x0000000087300000, 0x0000000087300000| Untracked 
|  52|0x0000000087400000, 0x0000000087400000, 0x0000000087500000|  0%| F|  |TAMS 0x0000000087400000, 0x0000000087400000| Untracked 
|  53|0x0000000087500000, 0x0000000087500000, 0x0000000087600000|  0%| F|  |TAMS 0x0000000087500000, 0x0000000087500000| Untracked 
|  54|0x0000000087600000, 0x0000000087600000, 0x0000000087700000|  0%| F|  |TAMS 0x0000000087600000, 0x0000000087600000| Untracked 
|  55|0x0000000087700000, 0x0000000087700000, 0x0000000087800000|  0%| F|  |TAMS 0x0000000087700000, 0x0000000087700000| Untracked 
|  56|0x0000000087800000, 0x0000000087800000, 0x0000000087900000|  0%| F|  |TAMS 0x0000000087800000, 0x0000000087800000| Untracked 
|  57|0x0000000087900000, 0x0000000087900000, 0x0000000087a00000|  0%| F|  |TAMS 0x0000000087900000, 0x0000000087900000| Untracked 
|  58|0x0000000087a00000, 0x0000000087a00000, 0x0000000087b00000|  0%| F|  |TAMS 0x0000000087a00000, 0x0000000087a00000| Untracked 
|  59|0x0000000087b00000, 0x0000000087b00000, 0x0000000087c00000|  0%| F|  |TAMS 0x0000000087b00000, 0x0000000087b00000| Untracked 
|  60|0x0000000087c00000, 0x0000000087c00000, 0x0000000087d00000|  0%| F|  |TAMS 0x0000000087c00000, 0x0000000087c00000| Untracked 
|  61|0x0000000087d00000, 0x0000000087d00000, 0x0000000087e00000|  0%| F|  |TAMS 0x0000000087d00000, 0x0000000087d00000| Untracked 
|  62|0x0000000087e00000, 0x0000000087e00000, 0x0000000087f00000|  0%| F|  |TAMS 0x0000000087e00000, 0x0000000087e00000| Untracked 
|  63|0x0000000087f00000, 0x0000000087f00000, 0x0000000088000000|  0%| F|  |TAMS 0x0000000087f00000, 0x0000000087f00000| Untracked 
|  64|0x0000000088000000, 0x0000000088000000, 0x0000000088100000|  0%| F|  |TAMS 0x0000000088000000, 0x0000000088000000| Untracked 
|  65|0x0000000088100000, 0x0000000088100000, 0x0000000088200000|  0%| F|  |TAMS 0x0000000088100000, 0x0000000088100000| Untracked 
|  66|0x0000000088200000, 0x0000000088200000, 0x0000000088300000|  0%| F|  |TAMS 0x0000000088200000, 0x0000000088200000| Untracked 
|  67|0x0000000088300000, 0x0000000088300000, 0x0000000088400000|  0%| F|  |TAMS 0x0000000088300000, 0x0000000088300000| Untracked 
|  68|0x0000000088400000, 0x0000000088400000, 0x0000000088500000|  0%| F|  |TAMS 0x0000000088400000, 0x0000000088400000| Untracked 
|  69|0x0000000088500000, 0x0000000088500000, 0x0000000088600000|  0%| F|  |TAMS 0x0000000088500000, 0x0000000088500000| Untracked 
|  70|0x0000000088600000, 0x0000000088600000, 0x0000000088700000|  0%| F|  |TAMS 0x0000000088600000, 0x0000000088600000| Untracked 
|  71|0x0000000088700000, 0x0000000088700000, 0x0000000088800000|  0%| F|  |TAMS 0x0000000088700000, 0x0000000088700000| Untracked 
|  72|0x0000000088800000, 0x0000000088800000, 0x0000000088900000|  0%| F|  |TAMS 0x0000000088800000, 0x0000000088800000| Untracked 
|  73|0x0000000088900000, 0x0000000088900000, 0x0000000088a00000|  0%| F|  |TAMS 0x0000000088900000, 0x0000000088900000| Untracked 
|  74|0x0000000088a00000, 0x0000000088a00000, 0x0000000088b00000|  0%| F|  |TAMS 0x0000000088a00000, 0x0000000088a00000| Untracked 
|  75|0x0000000088b00000, 0x0000000088b00000, 0x0000000088c00000|  0%| F|  |TAMS 0x0000000088b00000, 0x0000000088b00000| Untracked 
|  76|0x0000000088c00000, 0x0000000088c00000, 0x0000000088d00000|  0%| F|  |TAMS 0x0000000088c00000, 0x0000000088c00000| Untracked 
|  77|0x0000000088d00000, 0x0000000088d00000, 0x0000000088e00000|  0%| F|  |TAMS 0x0000000088d00000, 0x0000000088d00000| Untracked 
|  78|0x0000000088e00000, 0x0000000088e00000, 0x0000000088f00000|  0%| F|  |TAMS 0x0000000088e00000, 0x0000000088e00000| Untracked 
|  79|0x0000000088f00000, 0x0000000088f00000, 0x0000000089000000|  0%| F|  |TAMS 0x0000000088f00000, 0x0000000088f00000| Untracked 
|  80|0x0000000089000000, 0x0000000089000000, 0x0000000089100000|  0%| F|  |TAMS 0x0000000089000000, 0x0000000089000000| Untracked 
|  81|0x0000000089100000, 0x0000000089100000, 0x0000000089200000|  0%| F|  |TAMS 0x0000000089100000, 0x0000000089100000| Untracked 
|  82|0x0000000089200000, 0x0000000089200000, 0x0000000089300000|  0%| F|  |TAMS 0x0000000089200000, 0x0000000089200000| Untracked 
|  83|0x0000000089300000, 0x0000000089300000, 0x0000000089400000|  0%| F|  |TAMS 0x0000000089300000, 0x0000000089300000| Untracked 
|  84|0x0000000089400000, 0x0000000089400000, 0x0000000089500000|  0%| F|  |TAMS 0x0000000089400000, 0x0000000089400000| Untracked 
|  85|0x0000000089500000, 0x0000000089500000, 0x0000000089600000|  0%| F|  |TAMS 0x0000000089500000, 0x0000000089500000| Untracked 
|  86|0x0000000089600000, 0x0000000089600000, 0x0000000089700000|  0%| F|  |TAMS 0x0000000089600000, 0x0000000089600000| Untracked 
|  87|0x0000000089700000, 0x0000000089700000, 0x0000000089800000|  0%| F|  |TAMS 0x0000000089700000, 0x0000000089700000| Untracked 
|  88|0x0000000089800000, 0x0000000089800000, 0x0000000089900000|  0%| F|  |TAMS 0x0000000089800000, 0x0000000089800000| Untracked 
|  89|0x0000000089900000, 0x0000000089900000, 0x0000000089a00000|  0%| F|  |TAMS 0x0000000089900000, 0x0000000089900000| Untracked 
|  90|0x0000000089a00000, 0x0000000089a00000, 0x0000000089b00000|  0%| F|  |TAMS 0x0000000089a00000, 0x0000000089a00000| Untracked 
|  91|0x0000000089b00000, 0x0000000089b00000, 0x0000000089c00000|  0%| F|  |TAMS 0x0000000089b00000, 0x0000000089b00000| Untracked 
|  92|0x0000000089c00000, 0x0000000089c00000, 0x0000000089d00000|  0%| F|  |TAMS 0x0000000089c00000, 0x0000000089c00000| Untracked 
|  93|0x0000000089d00000, 0x0000000089d00000, 0x0000000089e00000|  0%| F|  |TAMS 0x0000000089d00000, 0x0000000089d00000| Untracked 
|  94|0x0000000089e00000, 0x0000000089e00000, 0x0000000089f00000|  0%| F|  |TAMS 0x0000000089e00000, 0x0000000089e00000| Untracked 
|  95|0x0000000089f00000, 0x0000000089f00000, 0x000000008a000000|  0%| F|  |TAMS 0x0000000089f00000, 0x0000000089f00000| Untracked 
|  96|0x000000008a000000, 0x000000008a000000, 0x000000008a100000|  0%| F|  |TAMS 0x000000008a000000, 0x000000008a000000| Untracked 
|  97|0x000000008a100000, 0x000000008a100000, 0x000000008a200000|  0%| F|  |TAMS 0x000000008a100000, 0x000000008a100000| Untracked 
|  98|0x000000008a200000, 0x000000008a200000, 0x000000008a300000|  0%| F|  |TAMS 0x000000008a200000, 0x000000008a200000| Untracked 
|  99|0x000000008a300000, 0x000000008a300000, 0x000000008a400000|  0%| F|  |TAMS 0x000000008a300000, 0x000000008a300000| Untracked 
| 100|0x000000008a400000, 0x000000008a400000, 0x000000008a500000|  0%| F|  |TAMS 0x000000008a400000, 0x000000008a400000| Untracked 
| 101|0x000000008a500000, 0x000000008a500000, 0x000000008a600000|  0%| F|  |TAMS 0x000000008a500000, 0x000000008a500000| Untracked 
| 102|0x000000008a600000, 0x000000008a600000, 0x000000008a700000|  0%| F|  |TAMS 0x000000008a600000, 0x000000008a600000| Untracked 
| 103|0x000000008a700000, 0x000000008a700000, 0x000000008a800000|  0%| F|  |TAMS 0x000000008a700000, 0x000000008a700000| Untracked 
| 104|0x000000008a800000, 0x000000008a800000, 0x000000008a900000|  0%| F|  |TAMS 0x000000008a800000, 0x000000008a800000| Untracked 
| 105|0x000000008a900000, 0x000000008a900000, 0x000000008aa00000|  0%| F|  |TAMS 0x000000008a900000, 0x000000008a900000| Untracked 
| 106|0x000000008aa00000, 0x000000008aa00000, 0x000000008ab00000|  0%| F|  |TAMS 0x000000008aa00000, 0x000000008aa00000| Untracked 
| 107|0x000000008ab00000, 0x000000008ab00000, 0x000000008ac00000|  0%| F|  |TAMS 0x000000008ab00000, 0x000000008ab00000| Untracked 
| 108|0x000000008ac00000, 0x000000008ac00000, 0x000000008ad00000|  0%| F|  |TAMS 0x000000008ac00000, 0x000000008ac00000| Untracked 
| 109|0x000000008ad00000, 0x000000008ad00000, 0x000000008ae00000|  0%| F|  |TAMS 0x000000008ad00000, 0x000000008ad00000| Untracked 
| 110|0x000000008ae00000, 0x000000008ae00000, 0x000000008af00000|  0%| F|  |TAMS 0x000000008ae00000, 0x000000008ae00000| Untracked 
| 111|0x000000008af00000, 0x000000008af00000, 0x000000008b000000|  0%| F|  |TAMS 0x000000008af00000, 0x000000008af00000| Untracked 
| 112|0x000000008b000000, 0x000000008b000000, 0x000000008b100000|  0%| F|  |TAMS 0x000000008b000000, 0x000000008b000000| Untracked 
| 113|0x000000008b100000, 0x000000008b100000, 0x000000008b200000|  0%| F|  |TAMS 0x000000008b100000, 0x000000008b100000| Untracked 
| 114|0x000000008b200000, 0x000000008b200000, 0x000000008b300000|  0%| F|  |TAMS 0x000000008b200000, 0x000000008b200000| Untracked 
| 115|0x000000008b300000, 0x000000008b300000, 0x000000008b400000|  0%| F|  |TAMS 0x000000008b300000, 0x000000008b300000| Untracked 
| 116|0x000000008b400000, 0x000000008b400000, 0x000000008b500000|  0%| F|  |TAMS 0x000000008b400000, 0x000000008b400000| Untracked 
| 117|0x000000008b500000, 0x000000008b500000, 0x000000008b600000|  0%| F|  |TAMS 0x000000008b500000, 0x000000008b500000| Untracked 
| 118|0x000000008b600000, 0x000000008b600000, 0x000000008b700000|  0%| F|  |TAMS 0x000000008b600000, 0x000000008b600000| Untracked 
| 119|0x000000008b700000, 0x000000008b700000, 0x000000008b800000|  0%| F|  |TAMS 0x000000008b700000, 0x000000008b700000| Untracked 
| 120|0x000000008b800000, 0x000000008b800000, 0x000000008b900000|  0%| F|  |TAMS 0x000000008b800000, 0x000000008b800000| Untracked 
| 121|0x000000008b900000, 0x000000008b900000, 0x000000008ba00000|  0%| F|  |TAMS 0x000000008b900000, 0x000000008b900000| Untracked 
| 122|0x000000008ba00000, 0x000000008bae1938, 0x000000008bb00000| 88%| E|  |TAMS 0x000000008ba00000, 0x000000008ba00000| Complete 
| 123|0x000000008bb00000, 0x000000008bc00000, 0x000000008bc00000|100%| E|CS|TAMS 0x000000008bb00000, 0x000000008bb00000| Complete 

Card table byte_map: [0x0000021cf0770000,0x0000021cf0b50000] _byte_map_base: 0x0000021cf0350000

Marking Bits (Prev, Next): (CMBitMap*) 0x0000021cd7da8870, (CMBitMap*) 0x0000021cd7da88b0
 Prev Bits: [0x0000021cf0f30000, 0x0000021cf2e30000)
 Next Bits: [0x0000021cf2e30000, 0x0000021cf4d30000)

Polling page: 0x0000021ce0d20000

Metaspace:

Usage:
  Non-class:    321.12 KB used.
      Class:     20.87 KB used.
       Both:    341.98 KB used.

Virtual space:
  Non-class space:        8.00 MB reserved,     384.00 KB (  5%) committed,  1 nodes.
      Class space:        1.00 GB reserved,     128.00 KB ( <1%) committed,  1 nodes.
             Both:        1.01 GB reserved,     512.00 KB ( <1%) committed. 

Chunk freelists:
   Non-Class:  4.00 MB
       Class:  3.75 MB
        Both:  7.75 MB

MaxMetaspaceSize: unlimited
CompressedClassSpaceSize: 1.00 GB
Initial GC threshold: 21.00 MB
Current GC threshold: 21.00 MB
CDS: on
MetaspaceReclaimPolicy: balanced
 - commit_granule_bytes: 65536.
 - commit_granule_words: 8192.
 - virtual_space_node_default_size: 1048576.
 - enlarge_chunks_in_place: 1.
 - new_chunks_are_fully_committed: 0.
 - uncommit_free_chunks: 1.
 - use_allocation_guard: 0.
 - handle_deallocations: 1.


Internal statistics:

num_allocs_failed_limit: 0.
num_arena_births: 4.
num_arena_deaths: 0.
num_vsnodes_births: 2.
num_vsnodes_deaths: 0.
num_space_committed: 8.
num_space_uncommitted: 0.
num_chunks_returned_to_freelist: 0.
num_chunks_taken_from_freelist: 5.
num_chunk_merges: 0.
num_chunk_splits: 2.
num_chunks_enlarged: 1.
num_purges: 0.
num_inconsistent_stats: 0.

CodeHeap 'non-profiled nmethods': size=120000Kb used=62Kb max_used=62Kb free=119937Kb
 bounds [0x0000021ce8810000, 0x0000021ce8a80000, 0x0000021cefd40000]
CodeHeap 'profiled nmethods': size=120000Kb used=210Kb max_used=210Kb free=119789Kb
 bounds [0x0000021ce12e0000, 0x0000021ce1550000, 0x0000021ce8810000]
CodeHeap 'non-nmethods': size=5760Kb used=1101Kb max_used=1118Kb free=4658Kb
 bounds [0x0000021ce0d40000, 0x0000021ce0fb0000, 0x0000021ce12e0000]
 total_blobs=555 nmethods=194 adapters=274
 compilation: enabled
              stopped_count=0, restarted_count=0
 full_count=0

Compilation events (20 events):
Event: 0.089 Thread 0x0000021cf7323ae0 nmethod 177 0x0000021ce881d910 code [0x0000021ce881daa0, 0x0000021ce881db78]
Event: 0.089 Thread 0x0000021cf7323ae0  178       3       java.lang.AbstractStringBuilder::isLatin1 (19 bytes)
Event: 0.090 Thread 0x0000021cf7323ae0 nmethod 178 0x0000021ce130da10 code [0x0000021ce130dba0, 0x0000021ce130dd18]
Event: 0.090 Thread 0x0000021cf7323ae0  179       3       java.lang.StringBuilder::append (8 bytes)
Event: 0.090 Thread 0x0000021cf7323ae0 nmethod 179 0x0000021ce130dd90 code [0x0000021ce130df20, 0x0000021ce130e068]
Event: 0.090 Thread 0x0000021cf7323ae0  180       3       java.lang.AbstractStringBuilder::append (45 bytes)
Event: 0.090 Thread 0x0000021cf7323ae0 nmethod 180 0x0000021ce130e110 code [0x0000021ce130e2e0, 0x0000021ce130e628]
Event: 0.093 Thread 0x0000021cf7323ae0  181       3       java.lang.StringUTF16::getChar (60 bytes)
Event: 0.093 Thread 0x0000021cf7323ae0 nmethod 181 0x0000021ce130e790 code [0x0000021ce130e920, 0x0000021ce130ea98]
Event: 0.094 Thread 0x0000021cf7323ae0  182       3       java.lang.StringBuilder::append (8 bytes)
Event: 0.094 Thread 0x0000021cf7323ae0 nmethod 182 0x0000021ce130eb90 code [0x0000021ce130ed20, 0x0000021ce130ee68]
Event: 0.094 Thread 0x0000021cf7323ae0  183       3       java.lang.AbstractStringBuilder::append (77 bytes)
Event: 0.094 Thread 0x0000021cf7323ae0 nmethod 183 0x0000021ce130ef10 code [0x0000021ce130f120, 0x0000021ce130f7a8]
Event: 0.095 Thread 0x0000021cf7323ae0  184       3       java.util.zip.ZipUtils::SH (21 bytes)
Event: 0.095 Thread 0x0000021cf7323ae0 nmethod 184 0x0000021ce130fa10 code [0x0000021ce130fba0, 0x0000021ce130fcf8]
Event: 0.095 Thread 0x0000021cf7323ae0  185       3       java.util.zip.ZipCoder$UTF8ZipCoder::checkedHash (91 bytes)
Event: 0.096 Thread 0x0000021cf7323ae0 nmethod 185 0x0000021ce130fe10 code [0x0000021ce1310000, 0x0000021ce1310418]
Event: 0.096 Thread 0x0000021cf7323ae0  188       3       java.util.zip.ZipUtils::LG (22 bytes)
Event: 0.096 Thread 0x0000021cf7323ae0 nmethod 188 0x0000021ce1310610 code [0x0000021ce13107c0, 0x0000021ce1310a38]
Event: 0.096 Thread 0x0000021cf7323ae0  190   !   3       java.util.zip.ZipFile$Source::checkAndAddEntry (209 bytes)

GC Heap History (0 events):
No events

Deoptimization events (0 events):
No events

Classes unloaded (0 events):
No events

Classes redefined (0 events):
No events

Internal exceptions (4 events):
Event: 0.074 Thread 0x0000021cd7d6a970 Exception <a 'sun/nio/fs/WindowsException'{0x000000008ba31b40}> (0x000000008ba31b40) 
thrown [t:\workspace\open\src\hotspot\share\prims\jni.cpp, line 516]
Event: 0.075 Thread 0x0000021cd7d6a970 Exception <a 'sun/nio/fs/WindowsException'{0x000000008ba320f8}> (0x000000008ba320f8) 
thrown [t:\workspace\open\src\hotspot\share\prims\jni.cpp, line 516]
Event: 0.076 Thread 0x0000021cd7d6a970 Exception <a 'sun/nio/fs/WindowsException'{0x000000008ba346e0}> (0x000000008ba346e0) 
thrown [t:\workspace\open\src\hotspot\share\prims\jni.cpp, line 516]
Event: 0.076 Thread 0x0000021cd7d6a970 Exception <a 'sun/nio/fs/WindowsException'{0x000000008ba35270}> (0x000000008ba35270) 
thrown [t:\workspace\open\src\hotspot\share\prims\jni.cpp, line 516]

VM Operations (2 events):
Event: 0.077 Executing VM operation: HandshakeAllThreads
Event: 0.077 Executing VM operation: HandshakeAllThreads done

Events (20 events):
Event: 0.075 loading class java/nio/file/FileSystemException
Event: 0.075 loading class java/io/IOException
Event: 0.075 loading class java/io/IOException done
Event: 0.075 loading class java/nio/file/FileSystemException done
Event: 0.075 loading class java/nio/file/NoSuchFileException done
Event: 0.075 loading class java/nio/file/Files$AcceptAllFilter
Event: 0.075 loading class java/nio/file/DirectoryStream$Filter
Event: 0.075 loading class java/nio/file/DirectoryStream$Filter done
Event: 0.075 loading class java/nio/file/Files$AcceptAllFilter done
Event: 0.075 loading class sun/nio/fs/WindowsDirectoryStream$WindowsDirectoryIterator
Event: 0.075 loading class sun/nio/fs/WindowsDirectoryStream$WindowsDirectoryIterator done
Event: 0.075 loading class sun/nio/fs/WindowsPath$WindowsPathWithAttributes
Event: 0.075 loading class sun/nio/fs/BasicFileAttributesHolder
Event: 0.075 loading class sun/nio/fs/BasicFileAttributesHolder done
Event: 0.075 loading class sun/nio/fs/WindowsPath$WindowsPathWithAttributes done
Event: 0.076 loading class java/nio/file/attribute/FileAttribute
Event: 0.076 loading class java/nio/file/attribute/FileAttribute done
Event: 0.076 loading class sun/nio/fs/WindowsSecurityDescriptor
Event: 0.076 loading class sun/nio/fs/WindowsSecurityDescriptor done
Event: 0.091 Thread 0x0000021cf7de9ed0 Thread added: 0x0000021cf7de9ed0


Dynamic libraries:
0x00007ff68e680000 - 0x00007ff68e690000 	C:\Program Files\Java\jdk-17.0.1\bin\java.exe
0x00007ffed3040000 - 0x00007ffed3249000 	C:\Windows\SYSTEM32\ntdll.dll
0x00007ffec2690000 - 0x00007ffec26a9000 	C:\Program Files\Avast Software\Avast\aswhook.dll
0x00007ffed27c0000 - 0x00007ffed287e000 	C:\Windows\System32\KERNEL32.DLL
0x00007ffed0780000 - 0x00007ffed0b03000 	C:\Windows\System32\KERNELBASE.dll
0x00007ffed0c80000 - 0x00007ffed0d91000 	C:\Windows\System32\ucrtbase.dll
0x00007ffec53a0000 - 0x00007ffec53b8000 	C:\Program Files\Java\jdk-17.0.1\bin\jli.dll
0x00007ffed2f50000 - 0x00007ffed2ffe000 	C:\Windows\System32\ADVAPI32.dll
0x00007ffec7fa0000 - 0x00007ffec7fba000 	C:\Program Files\Java\jdk-17.0.1\bin\VCRUNTIME140.dll
0x00007ffed1730000 - 0x00007ffed17d3000 	C:\Windows\System32\msvcrt.dll
0x00007ffed1f50000 - 0x00007ffed1fee000 	C:\Windows\System32\sechost.dll
0x00007ffed1080000 - 0x00007ffed11a1000 	C:\Windows\System32\RPCRT4.dll
0x00007ffed2d50000 - 0x00007ffed2efd000 	C:\Windows\System32\USER32.dll
0x00007ffed06d0000 - 0x00007ffed06f6000 	C:\Windows\System32\win32u.dll
0x00007ffed2f00000 - 0x00007ffed2f29000 	C:\Windows\System32\GDI32.dll
0x00007ffebb960000 - 0x00007ffebbc05000 	C:\Windows\WinSxS\amd64_microsoft.windows.common-controls_6595b64144ccf1df_6.0.22000.120_none_9d947278b86cc467\COMCTL32.dll
0x00007ffed05b0000 - 0x00007ffed06ca000 	C:\Windows\System32\gdi32full.dll
0x00007ffed0da0000 - 0x00007ffed0e3d000 	C:\Windows\System32\msvcp_win.dll
0x00007ffec6e00000 - 0x00007ffec6e0a000 	C:\Windows\SYSTEM32\VERSION.dll
0x00007ffed11b0000 - 0x00007ffed11e1000 	C:\Windows\System32\IMM32.DLL
0x00007ffec7ca0000 - 0x00007ffec7cac000 	C:\Program Files\Java\jdk-17.0.1\bin\vcruntime140_1.dll
0x00007ffebf010000 - 0x00007ffebf09d000 	C:\Program Files\Java\jdk-17.0.1\bin\msvcp140.dll
0x00007ffe55d30000 - 0x00007ffe568ee000 	C:\Program Files\Java\jdk-17.0.1\bin\server\jvm.dll
0x00007ffed13c0000 - 0x00007ffed13c8000 	C:\Windows\System32\PSAPI.DLL
0x00007ffeb5c90000 - 0x00007ffeb5c99000 	C:\Windows\SYSTEM32\WSOCK32.dll
0x00007ffec7ea0000 - 0x00007ffec7ed3000 	C:\Windows\SYSTEM32\WINMM.dll
0x00007ffed1910000 - 0x00007ffed197f000 	C:\Windows\System32\WS2_32.dll
0x00007ffecf660000 - 0x00007ffecf678000 	C:\Windows\SYSTEM32\kernel.appcore.dll
0x00007ffec72a0000 - 0x00007ffec72aa000 	C:\Program Files\Java\jdk-17.0.1\bin\jimage.dll
0x00007ffecdeb0000 - 0x00007ffece0d1000 	C:\Windows\SYSTEM32\DBGHELP.DLL
0x00007ffec23f0000 - 0x00007ffec2421000 	C:\Windows\SYSTEM32\dbgcore.DLL
0x00007ffed0700000 - 0x00007ffed077f000 	C:\Windows\System32\bcryptPrimitives.dll
0x00007ffec75b0000 - 0x00007ffec75d5000 	C:\Program Files\Java\jdk-17.0.1\bin\java.dll
0x00007ffeb84e0000 - 0x00007ffeb85b6000 	C:\Program Files\Java\jdk-17.0.1\bin\svml.dll
0x00007ffed1ff0000 - 0x00007ffed27b5000 	C:\Windows\System32\SHELL32.dll
0x00007ffece590000 - 0x00007ffecedf4000 	C:\Windows\SYSTEM32\windows.storage.dll
0x00007ffed1b40000 - 0x00007ffed1eb6000 	C:\Windows\System32\combase.dll
0x00007ffece420000 - 0x00007ffece587000 	C:\Windows\SYSTEM32\wintypes.dll
0x00007ffed17f0000 - 0x00007ffed18da000 	C:\Windows\System32\SHCORE.dll
0x00007ffed16d0000 - 0x00007ffed172d000 	C:\Windows\System32\shlwapi.dll
0x00007ffed0420000 - 0x00007ffed0441000 	C:\Windows\SYSTEM32\profapi.dll
0x00007ffec7280000 - 0x00007ffec7299000 	C:\Program Files\Java\jdk-17.0.1\bin\net.dll
0x00007ffec80f0000 - 0x00007ffec8202000 	C:\Windows\SYSTEM32\WINHTTP.dll
0x00007ffecfb00000 - 0x00007ffecfb67000 	C:\Windows\system32\mswsock.dll
0x00007ffec5b00000 - 0x00007ffec5b15000 	C:\Program Files\Java\jdk-17.0.1\bin\nio.dll

dbghelp: loaded successfully - version: 4.0.5 - missing functions: none
symbol engine: initialized successfully - sym options: 0x614 - pdb path: .;C:\Program Files\Java\jdk-17.0.1\bin;C:\Windows\SYSTEM32;C:\Program Files\Avast Software\Avast;C:\Windows\WinSxS\amd64_microsoft.windows.common-controls_6595b64144ccf1df_6.0.22000.120_none_9d947278b86cc467;C:\Program Files\Java\jdk-17.0.1\bin\server

VM Arguments:
jvm_args: -Dfile.encoding=UTF-8 --module-path=C:\Users\Admin\OneDrive\Documents\NetBeansProjects\Travel Management System\build\classes 
java_command: travel.management.system.Login
java_class_path (initial): C:\Users\Admin\Downloads\mysql-connector-java-8.0.28.jar;C:\Users\Admin\OneDrive\Documents\NetBeansProjects\Travel Management System\build\classes
Launcher Type: SUN_STANDARD

[Global flags]
     intx CICompilerCount                          = 3                                         {product} {ergonomic}
     uint ConcGCThreads                            = 1                                         {product} {ergonomic}
     uint G1ConcRefinementThreads                  = 4                                         {product} {ergonomic}
   size_t G1HeapRegionSize                         = 1048576                                   {product} {ergonomic}
    uintx GCDrainStackTargetSize                   = 64                                        {product} {ergonomic}
   size_t InitialHeapSize                          = 130023424                                 {product} {ergonomic}
   size_t MarkStackSize                            = 4194304                                   {product} {ergonomic}
   size_t MaxHeapSize                              = 2080374784                                {product} {ergonomic}
   size_t MaxNewSize                               = 1247805440                                {product} {ergonomic}
   size_t MinHeapDeltaBytes                        = 1048576                                   {product} {ergonomic}
   size_t MinHeapSize                              = 8388608                                   {product} {ergonomic}
    uintx NonNMethodCodeHeapSize                   = 5832780                                {pd product} {ergonomic}
    uintx NonProfiledCodeHeapSize                  = 122912730                              {pd product} {ergonomic}
    uintx ProfiledCodeHeapSize                     = 122912730                              {pd product} {ergonomic}
    uintx ReservedCodeCacheSize                    = 251658240                              {pd product} {ergonomic}
     bool SegmentedCodeCache                       = true                                      {product} {ergonomic}
   size_t SoftMaxHeapSize                          = 2080374784                             {manageable} {ergonomic}
     bool UseCompressedClassPointers               = true                           {product lp64_product} {ergonomic}
     bool UseCompressedOops                        = true                           {product lp64_product} {ergonomic}
     bool UseG1GC                                  = true                                      {product} {ergonomic}
     bool UseLargePagesIndividualAllocation        = false                                  {pd product} {ergonomic}

Logging:
Log output configuration:
 #0: stdout all=warning uptime,level,tags
 #1: stderr all=off uptime,level,tags

Environment Variables:
JAVA_HOME=C:\Program Files\Java\jdk-17.0.1
PATH=C:\Program Files\Eclipse Adoptium\jdk-17.0.7.7-hotspot\bin;C:\Program Files (x86)\VMware\VMware Workstation\bin\;C:\Program Files (x86)\MiKTeX 2.9\miktex\bin;C:\Program Files\Common Files\Oracle\Java\javapath;C:\oraclexe\app\oracle\product\10.2.0\server\bin;C:\Program Files (x86)\Common Files\Oracle\Java\javapath;C:\Windows\system32;C:\Windows;C:\Windows\System32\Wbem;C:\Windows\System32\WindowsPowerShell\v1.0\;C:\Windows\System32\OpenSSH\;C:\Program Files\Microsoft SQL Server\Client SDK\ODBC\110\Tools\Binn\;C:\Program Files (x86)\Microsoft SQL Server\120\Tools\Binn\;C:\Program Files\Microsoft SQL Server\120\Tools\Binn\;C:\Program Files\Microsoft SQL Server\120\DTS\Binn\;C:\Program Files (x86)\Microsoft SQL Server\120\Tools\Binn\ManagementStudio\;C:\Program Files (x86)\Microsoft SQL Server\120\DTS\Binn\;C:\MinGW\bin;C:\Program Files\Java\jdk-17.0.1\bin;C:\Program Files\dotnet\;C:\Program Files\Git\cmd;C:\Users\Admin\AppData\Local\Programs\Python\Python39\python.exe;C:\Program Files\MongoDB\Server\6.0\bin;C:\Program Files\MySQL\MySQL Server 8.0\bin;C:\Program Files\nodejs\;C:\Program Files\MySQL\MySQL Shell 8.0\bin\;C:\Program Files\Eclipse Adoptium\jdk-17.0.7.7-hotspot\bin;C:\Program Files (x86)\VMware\VMware Workstation\bin\;C:\Program Files (x86)\MiKTeX 2.9\miktex\bin;C:\Program Files\Common Files\Oracle\Java\javapath;C:\oraclexe\app\oracle\product\10.2.0\server\bin;C:\Program Files (x86)\Common Files\Oracle\Java\javapath;C:\Windows\system32;C:\Windows;C:\Windows\System32\Wbem;C:\Windows\System32\WindowsPowerShell\v1.0\;C:\Windows\System32\OpenSSH\;C:\Program Files\Microsoft SQL Server\Client SDK\ODBC\110\Tools\Binn\;C:\Program Files (x86)\Microsoft SQL Server\120\Tools\Binn\;C:\Program Files\Microsoft SQL Server\120\Tools\Binn\;C:\Program Files\Microsoft SQL Server\120\DTS\Binn\;C:\Program Files (x86)\Microsoft SQL Server\120\Tools\Binn\ManagementStudio\;C:\Program Files (x86)\Microsoft SQL Server\120\DTS\Binn\;C:\MinGW\bin;C:\Program Files\Java\jdk-17.0.1\bin;
USERNAME=Rushikesh
OS=Windows_NT
PROCESSOR_IDENTIFIER=Intel64 Family 6 Model 140 Stepping 1, GenuineIntel



---------------  S Y S T E M  ---------------

OS:
 Windows 10 , 64 bit Build 22000 (10.0.22000.1761)
OS uptime: 13 days 10:47 hours

CPU: total 4 (initial active 4) (2 cores per cpu, 2 threads per core) family 6 model 140 stepping 1 microcode 0xa4, cx8, cmov, fxsr, ht, mmx, 3dnowpref, sse, sse2, sse3, ssse3, sse4.1, sse4.2, popcnt, lzcnt, tsc, tscinvbit, avx, avx2, aes, erms, clmul, bmi1, bmi2, adx, avx512f, avx512dq, avx512cd, avx512bw, avx512vl, sha, fma, vzeroupper, avx512_vpopcntdq, avx512_vpclmulqdq, avx512_vaes, avx512_vnni, clflush, clflushopt, clwb, avx512_vbmi2, avx512_vbmi

Memory: 4k page, system-wide physical 7934M (304M free)
TotalPageFile size 32510M (AvailPageFile size 5M)
current process WorkingSet (physical memory assigned to process): 33M, peak: 33M
current process commit charge ("private bytes"): 198M, peak: 198M

vm_info: Java HotSpot(TM) 64-Bit Server VM (17.0.1+12-LTS-39) for windows-amd64 JRE (17.0.1+12-LTS-39), built on Sep 27 2021 18:41:35 by "mach5one" with MS VC++ 16.8 (VS2019)

END.
