#
# There is insufficient memory for the Java Runtime Environment to continue.
# Native memory allocation (mmap) failed to map 130023424 bytes for G1 virtual space
# Possible reasons:
#   The system is out of physical RAM or swap space
#   The process is running with CompressedOops enabled, and the Java Heap may be blocking the growth of the native heap
# Possible solutions:
#   Reduce memory load on the system
#   Increase physical memory or swap space
#   Check if swap backing store is full
#   Decrease Java heap size (-Xmx/-Xms)
#   Decrease number of Java threads
#   Decrease Java thread stack sizes (-Xss)
#   Set larger code cache with -XX:ReservedCodeCacheSize=
#   JVM is running with Unscaled Compressed Oops mode in which the Java heap is
#     placed in the first 4GB address space. The Java Heap base address is the
#     maximum limit for the native heap growth. Please use -XX:HeapBaseMinAddress
#     to set the Java Heap base and to place the Java Heap above 4GB virtual address.
# This output file may be truncated or incomplete.
#
#  Out of Memory Error (os_windows.cpp:3469), pid=43628, tid=42948
#
# JRE version:  (17.0.1+12) (build )
# Java VM: Java HotSpot(TM) 64-Bit Server VM (17.0.1+12-LTS-39, mixed mode, sharing, tiered, compressed oops, compressed class ptrs, g1 gc, windows-amd64)
# No core dump will be written. Minidumps are not enabled by default on client versions of Windows
#

---------------  S U M M A R Y ------------

Command Line: -Dfile.encoding=UTF-8 --module-path=C:\Users\Admin\OneDrive\Documents\NetBeansProjects\Travel Management System\build\classes travel.management.system.Login

Host: 11th Gen Intel(R) Core(TM) i3-1115G4 @ 3.00GHz, 4 cores, 7G,  Windows 10 , 64 bit Build 22000 (10.0.22000.1761)
Time: Sun Jul 30 00:13:36 2023 India Standard Time elapsed time: 0.041122 seconds (0d 0h 0m 0s)

---------------  T H R E A D  ---------------

Current thread (0x0000021b7d419170):  JavaThread "Unknown thread" [_thread_in_vm, id=42948, stack(0x000000e241a00000,0x000000e241b00000)]

Stack: [0x000000e241a00000,0x000000e241b00000]
Native frames: (J=compiled Java code, j=interpreted, Vv=VM code, C=native code)
V  [jvm.dll+0x66fa1a]
V  [jvm.dll+0x7ce5a4]
V  [jvm.dll+0x7cfd4e]
V  [jvm.dll+0x7d03b3]
V  [jvm.dll+0x242b05]
V  [jvm.dll+0x66ca39]
V  [jvm.dll+0x661502]
V  [jvm.dll+0x30081b]
V  [jvm.dll+0x307da6]
V  [jvm.dll+0x357a1e]
V  [jvm.dll+0x357c4f]
V  [jvm.dll+0x2d7ad8]
V  [jvm.dll+0x2d8a44]
V  [jvm.dll+0x7a01e1]
V  [jvm.dll+0x365791]
V  [jvm.dll+0x77f6cc]
V  [jvm.dll+0x3e812f]
V  [jvm.dll+0x3e9bd1]
C  [jli.dll+0x527b]
C  [ucrtbase.dll+0x26c0c]
C  [KERNEL32.DLL+0x15590]
C  [ntdll.dll+0x485b]


---------------  P R O C E S S  ---------------

Threads class SMR info:
_java_thread_list=0x00007ffe567c7818, length=0, elements={
}

Java Threads: ( => current thread )

Other Threads:
  0x0000021b7d455800 GCTaskThread "GC Thread#0" [stack: 0x000000e241b00000,0x000000e241c00000] [id=42468]
  0x0000021b7d465f40 ConcurrentGCThread "G1 Main Marker" [stack: 0x000000e241c00000,0x000000e241d00000] [id=35696]
  0x0000021b7d466b80 ConcurrentGCThread "G1 Conc#0" [stack: 0x000000e241d00000,0x000000e241e00000] [id=18580]

[error occurred during error reporting (printing all threads), id 0xc0000005, EXCEPTION_ACCESS_VIOLATION (0xc0000005) at pc=0x00007ffe560184b7]

VM state: not at safepoint (not fully initialized)

VM Mutex/Monitor currently owned by a thread:  ([mutex/lock_event])
[0x0000021b7d416640] Heap_lock - owner thread: 0x0000021b7d419170

Heap address: 0x0000000084000000, size: 1984 MB, Compressed Oops mode: 32-bit

CDS archive(s) mapped at: [0x0000000000000000-0x0000000000000000-0x0000000000000000), size 0, SharedBaseAddress: 0x0000000800000000, ArchiveRelocationMode: 0.
Narrow klass base: 0x0000000000000000, Narrow klass shift: 0, Narrow klass range: 0x0

GC Precious Log:
<Empty>

Heap:
 garbage-first heap   total 0K, used 0K [0x0000000084000000, 0x0000000100000000)
  region size 1024K, 0 young (0K), 0 survivors (0K)

[error occurred during error reporting (printing heap information), id 0xc0000005, EXCEPTION_ACCESS_VIOLATION (0xc0000005) at pc=0x00007ffe563f8d89]

GC Heap History (0 events):
No events

Deoptimization events (0 events):
No events

Classes unloaded (0 events):
No events

Classes redefined (0 events):
No events

Internal exceptions (0 events):
No events

VM Operations (0 events):
No events

Events (1 events):
Event: 0.028 Loaded shared library C:\Program Files\Java\jdk-17.0.1\bin\java.dll


Dynamic libraries:
0x00007ff68e680000 - 0x00007ff68e690000 	C:\Program Files\Java\jdk-17.0.1\bin\java.exe
0x00007ffed3040000 - 0x00007ffed3249000 	C:\Windows\SYSTEM32\ntdll.dll
0x00007ffec2690000 - 0x00007ffec26a9000 	C:\Program Files\Avast Software\Avast\aswhook.dll
0x00007ffed27c0000 - 0x00007ffed287e000 	C:\Windows\System32\KERNEL32.DLL
0x00007ffed0780000 - 0x00007ffed0b03000 	C:\Windows\System32\KERNELBASE.dll
0x00007ffed0c80000 - 0x00007ffed0d91000 	C:\Windows\System32\ucrtbase.dll
0x00007ffec53a0000 - 0x00007ffec53b8000 	C:\Program Files\Java\jdk-17.0.1\bin\jli.dll
0x00007ffed2f50000 - 0x00007ffed2ffe000 	C:\Windows\System32\ADVAPI32.dll
0x00007ffed1730000 - 0x00007ffed17d3000 	C:\Windows\System32\msvcrt.dll
0x00007ffed1f50000 - 0x00007ffed1fee000 	C:\Windows\System32\sechost.dll
0x00007ffed1080000 - 0x00007ffed11a1000 	C:\Windows\System32\RPCRT4.dll
0x00007ffed2d50000 - 0x00007ffed2efd000 	C:\Windows\System32\USER32.dll
0x00007ffed06d0000 - 0x00007ffed06f6000 	C:\Windows\System32\win32u.dll
0x00007ffed2f00000 - 0x00007ffed2f29000 	C:\Windows\System32\GDI32.dll
0x00007ffed05b0000 - 0x00007ffed06ca000 	C:\Windows\System32\gdi32full.dll
0x00007ffed0da0000 - 0x00007ffed0e3d000 	C:\Windows\System32\msvcp_win.dll
0x00007ffebb960000 - 0x00007ffebbc05000 	C:\Windows\WinSxS\amd64_microsoft.windows.common-controls_6595b64144ccf1df_6.0.22000.120_none_9d947278b86cc467\COMCTL32.dll
0x00007ffec6e00000 - 0x00007ffec6e0a000 	C:\Windows\SYSTEM32\VERSION.dll
0x00007ffec7fa0000 - 0x00007ffec7fba000 	C:\Program Files\Java\jdk-17.0.1\bin\VCRUNTIME140.dll
0x00007ffed11b0000 - 0x00007ffed11e1000 	C:\Windows\System32\IMM32.DLL
0x00007ffec7ca0000 - 0x00007ffec7cac000 	C:\Program Files\Java\jdk-17.0.1\bin\vcruntime140_1.dll
0x00007ffebf010000 - 0x00007ffebf09d000 	C:\Program Files\Java\jdk-17.0.1\bin\msvcp140.dll
0x00007ffe55d30000 - 0x00007ffe568ee000 	C:\Program Files\Java\jdk-17.0.1\bin\server\jvm.dll
0x00007ffed13c0000 - 0x00007ffed13c8000 	C:\Windows\System32\PSAPI.DLL
0x00007ffeb5c90000 - 0x00007ffeb5c99000 	C:\Windows\SYSTEM32\WSOCK32.dll
0x00007ffed1910000 - 0x00007ffed197f000 	C:\Windows\System32\WS2_32.dll
0x00007ffec7ea0000 - 0x00007ffec7ed3000 	C:\Windows\SYSTEM32\WINMM.dll
0x00007ffecf660000 - 0x00007ffecf678000 	C:\Windows\SYSTEM32\kernel.appcore.dll
0x00007ffec72a0000 - 0x00007ffec72aa000 	C:\Program Files\Java\jdk-17.0.1\bin\jimage.dll
0x00007ffecdeb0000 - 0x00007ffece0d1000 	C:\Windows\SYSTEM32\DBGHELP.DLL
0x00007ffec23f0000 - 0x00007ffec2421000 	C:\Windows\SYSTEM32\dbgcore.DLL
0x00007ffed0700000 - 0x00007ffed077f000 	C:\Windows\System32\bcryptPrimitives.dll
0x00007ffec75b0000 - 0x00007ffec75d5000 	C:\Program Files\Java\jdk-17.0.1\bin\java.dll

dbghelp: loaded successfully - version: 4.0.5 - missing functions: none
symbol engine: initialized successfully - sym options: 0x614 - pdb path: .;C:\Program Files\Java\jdk-17.0.1\bin;C:\Windows\SYSTEM32;C:\Program Files\Avast Software\Avast;C:\Windows\WinSxS\amd64_microsoft.windows.common-controls_6595b64144ccf1df_6.0.22000.120_none_9d947278b86cc467;C:\Program Files\Java\jdk-17.0.1\bin\server

VM Arguments:
jvm_args: -Dfile.encoding=UTF-8 --module-path=C:\Users\Admin\OneDrive\Documents\NetBeansProjects\Travel Management System\build\classes 
java_command: travel.management.system.Login
java_class_path (initial): C:\Users\Admin\Downloads\mysql-connector-java-8.0.28.jar;C:\Users\Admin\OneDrive\Documents\NetBeansProjects\Travel Management System\build\classes
Launcher Type: SUN_STANDARD

[Global flags]
     intx CICompilerCount                          = 3                                         {product} {ergonomic}
     uint ConcGCThreads                            = 1                                         {product} {ergonomic}
     uint G1ConcRefinementThreads                  = 4                                         {product} {ergonomic}
   size_t G1HeapRegionSize                         = 1048576                                   {product} {ergonomic}
    uintx GCDrainStackTargetSize                   = 64                                        {product} {ergonomic}
   size_t InitialHeapSize                          = 130023424                                 {product} {ergonomic}
   size_t MarkStackSize                            = 4194304                                   {product} {ergonomic}
   size_t MaxHeapSize                              = 2080374784                                {product} {ergonomic}
   size_t MinHeapDeltaBytes                        = 1048576                                   {product} {ergonomic}
   size_t MinHeapSize                              = 8388608                                   {product} {ergonomic}
    uintx NonNMethodCodeHeapSize                   = 5832780                                {pd product} {ergonomic}
    uintx NonProfiledCodeHeapSize                  = 122912730                              {pd product} {ergonomic}
    uintx ProfiledCodeHeapSize                     = 122912730                              {pd product} {ergonomic}
    uintx ReservedCodeCacheSize                    = 251658240                              {pd product} {ergonomic}
     bool SegmentedCodeCache                       = true                                      {product} {ergonomic}
   size_t SoftMaxHeapSize                          = 2080374784                             {manageable} {ergonomic}
     bool UseCompressedClassPointers               = true                           {product lp64_product} {ergonomic}
     bool UseCompressedOops                        = true                           {product lp64_product} {ergonomic}
     bool UseG1GC                                  = true                                      {product} {ergonomic}
     bool UseLargePagesIndividualAllocation        = false                                  {pd product} {ergonomic}

Logging:
Log output configuration:
 #0: stdout all=warning uptime,level,tags
 #1: stderr all=off uptime,level,tags

Environment Variables:
JAVA_HOME=C:\Program Files\Java\jdk-17.0.1
PATH=C:\Program Files\Eclipse Adoptium\jdk-17.0.7.7-hotspot\bin;C:\Program Files (x86)\VMware\VMware Workstation\bin\;C:\Program Files (x86)\MiKTeX 2.9\miktex\bin;C:\Program Files\Common Files\Oracle\Java\javapath;C:\oraclexe\app\oracle\product\10.2.0\server\bin;C:\Program Files (x86)\Common Files\Oracle\Java\javapath;C:\Windows\system32;C:\Windows;C:\Windows\System32\Wbem;C:\Windows\System32\WindowsPowerShell\v1.0\;C:\Windows\System32\OpenSSH\;C:\Program Files\Microsoft SQL Server\Client SDK\ODBC\110\Tools\Binn\;C:\Program Files (x86)\Microsoft SQL Server\120\Tools\Binn\;C:\Program Files\Microsoft SQL Server\120\Tools\Binn\;C:\Program Files\Microsoft SQL Server\120\DTS\Binn\;C:\Program Files (x86)\Microsoft SQL Server\120\Tools\Binn\ManagementStudio\;C:\Program Files (x86)\Microsoft SQL Server\120\DTS\Binn\;C:\MinGW\bin;C:\Program Files\Java\jdk-17.0.1\bin;C:\Program Files\dotnet\;C:\Program Files\Git\cmd;C:\Users\Admin\AppData\Local\Programs\Python\Python39\python.exe;C:\Program Files\MongoDB\Server\6.0\bin;C:\Program Files\MySQL\MySQL Server 8.0\bin;C:\Program Files\nodejs\;C:\Program Files\MySQL\MySQL Shell 8.0\bin\;C:\Program Files\Eclipse Adoptium\jdk-17.0.7.7-hotspot\bin;C:\Program Files (x86)\VMware\VMware Workstation\bin\;C:\Program Files (x86)\MiKTeX 2.9\miktex\bin;C:\Program Files\Common Files\Oracle\Java\javapath;C:\oraclexe\app\oracle\product\10.2.0\server\bin;C:\Program Files (x86)\Common Files\Oracle\Java\javapath;C:\Windows\system32;C:\Windows;C:\Windows\System32\Wbem;C:\Windows\System32\WindowsPowerShell\v1.0\;C:\Windows\System32\OpenSSH\;C:\Program Files\Microsoft SQL Server\Client SDK\ODBC\110\Tools\Binn\;C:\Program Files (x86)\Microsoft SQL Server\120\Tools\Binn\;C:\Program Files\Microsoft SQL Server\120\Tools\Binn\;C:\Program Files\Microsoft SQL Server\120\DTS\Binn\;C:\Program Files (x86)\Microsoft SQL Server\120\Tools\Binn\ManagementStudio\;C:\Program Files (x86)\Microsoft SQL Server\120\DTS\Binn\;C:\MinGW\bin;C:\Program Files\Java\jdk-17.0.1\bin;
USERNAME=Rushikesh
OS=Windows_NT
PROCESSOR_IDENTIFIER=Intel64 Family 6 Model 140 Stepping 1, GenuineIntel



---------------  S Y S T E M  ---------------

OS:
 Windows 10 , 64 bit Build 22000 (10.0.22000.1761)
OS uptime: 13 days 10:46 hours

CPU: total 4 (initial active 4) (2 cores per cpu, 2 threads per core) family 6 model 140 stepping 1 microcode 0xa4, cx8, cmov, fxsr, ht, mmx, 3dnowpref, sse, sse2, sse3, ssse3, sse4.1, sse4.2, popcnt, lzcnt, tsc, tscinvbit, avx, avx2, aes, erms, clmul, bmi1, bmi2, adx, avx512f, avx512dq, avx512cd, avx512bw, avx512vl, sha, fma, vzeroupper, avx512_vpopcntdq, avx512_vpclmulqdq, avx512_vaes, avx512_vnni, clflush, clflushopt, clwb, avx512_vbmi2, avx512_vbmi

Memory: 4k page, system-wide physical 7934M (360M free)
TotalPageFile size 32510M (AvailPageFile size 93M)
current process WorkingSet (physical memory assigned to process): 11M, peak: 11M
current process commit charge ("private bytes"): 51M, peak: 175M

vm_info: Java HotSpot(TM) 64-Bit Server VM (17.0.1+12-LTS-39) for windows-amd64 JRE (17.0.1+12-LTS-39), built on Sep 27 2021 18:41:35 by "mach5one" with MS VC++ 16.8 (VS2019)

END.
